<?xml version="1.0" encoding="UTF-8"?>
<!-- Generated by org.testng.reporters.JUnitReportReporter -->
<testsuite hostname="DESKTOP-V16AQSL" failures="0" tests="1" name="Test_Case.AddToCartDashBoard_Product" time="19.296" errors="0" timestamp="2024-01-20T10:53:51 IST" skipped="0">
  <testcase classname="Test_Case.AddToCartDashBoard_Product" name="DashBoardProductAddToCar" time="19.296"/>
</testsuite> <!-- Test_Case.AddToCartDashBoard_Product -->
