<?xml version="1.0" encoding="UTF-8"?>
<!-- Generated by org.testng.reporters.JUnitReportReporter -->
<testsuite hostname="DESKTOP-V16AQSL" failures="0" tests="1" name="Test_Case.LoginTest" time="23.260" errors="0" timestamp="2024-01-19T15:10:06 IST" skipped="0">
  <testcase classname="Test_Case.LoginTest" name="UserLogin" time="23.260"/>
</testsuite> <!-- Test_Case.LoginTest -->
